<?xml version="1.0" encoding="UTF-8"?>
<!-- Generated by org.testng.reporters.JUnitReportReporter -->
<testsuite skipped="0" hostname="HP-Pavilion" name="Date4FebTestng.ExcelDataProvide" tests="4" failures="0" timestamp="2021-02-04T16:30:27 IST" time="0.078" errors="0">
  <testcase name="tc" time="0.024" classname="Date4FebTestng.ExcelDataProvide"/>
  <system-out>
pqr sdr  </system-out>
  <testcase name="tc" time="0.019" classname="Date4FebTestng.ExcelDataProvide"/>
  <system-out>
abc xyz  </system-out>
  <testcase name="tc" time="0.030" classname="Date4FebTestng.ExcelDataProvide"/>
  <system-out>
admin admin  </system-out>
  <testcase name="tc" time="0.005" classname="Date4FebTestng.ExcelDataProvide"/>
  <system-out>
admin manager  </system-out>
</testsuite> <!-- Date4FebTestng.ExcelDataProvide -->
