<?xml version="1.0" encoding="UTF-8"?>
<!-- Generated by org.testng.reporters.JUnitReportReporter -->
<testsuite skipped="0" hostname="HP-Pavilion" name="Date5FebTestng.parallelmethod" tests="2" failures="0" timestamp="2021-02-05T16:13:50 IST" time="54.981" errors="0">
  <testcase name="TC1" time="23.329" classname="Date5FebTestng.parallelmethod"/>
  <system-out/>
  <testcase name="TC2" time="31.652" classname="Date5FebTestng.parallelmethod"/>
  <system-out/>
</testsuite> <!-- Date5FebTestng.parallelmethod -->
