<?xml version="1.0" encoding="UTF-8"?>
<!-- Generated by org.testng.reporters.JUnitReportReporter -->
<testsuite skipped="0" hostname="HP-Pavilion" name="Date3Feb.RunPrioritizeTc" tests="3" failures="0" timestamp="2021-02-03T16:50:35 IST" time="0.062" errors="0">
  <testcase name="tc3" time="0.042" classname="Date3Feb.RunPrioritizeTc"/>
  <system-out>
3Hey  </system-out>
  <testcase name="tc1" time="0.007" classname="Date3Feb.RunPrioritizeTc"/>
  <system-out>
1Hey  </system-out>
  <testcase name="tc2" time="0.013" classname="Date3Feb.RunPrioritizeTc"/>
  <system-out>
2Hey  </system-out>
</testsuite> <!-- Date3Feb.RunPrioritizeTc -->
