<?xml version="1.0" encoding="UTF-8"?>
<!-- Generated by org.testng.reporters.JUnitReportReporter -->
<testsuite skipped="0" hostname="HP-Pavilion" name="Date3Feb.dependency" tests="3" failures="0" timestamp="2021-02-03T17:15:28 IST" time="0.069" errors="0">
  <testcase name="tc3" time="0.049" classname="Date3Feb.dependency"/>
  <system-out>
3Hey  </system-out>
  <testcase name="tc2" time="0.008" classname="Date3Feb.dependency"/>
  <system-out>
2Hey  </system-out>
  <testcase name="tc1" time="0.012" classname="Date3Feb.dependency"/>
  <system-out>
1Hey  </system-out>
</testsuite> <!-- Date3Feb.dependency -->
