<?xml version="1.0" encoding="UTF-8"?>
<!-- Generated by org.testng.reporters.JUnitReportReporter -->
<testsuite skipped="0" hostname="HP-Pavilion" name="Date5FebTestng.parallel2" tests="1" failures="0" timestamp="2021-02-05T16:21:14 IST" time="17.680" errors="0">
  <testcase name="TC1" time="17.680" classname="Date5FebTestng.parallel2"/>
  <system-out/>
</testsuite> <!-- Date5FebTestng.parallel2 -->
