<?xml version="1.0" encoding="UTF-8"?>
<!-- Generated by org.testng.reporters.JUnitReportReporter -->
<testsuite skipped="0" hostname="HP-Pavilion" name="Date5FebTestng.parallel1" tests="1" failures="0" timestamp="2021-02-05T16:06:27 IST" time="20.746" errors="0">
  <testcase name="TC2" time="20.746" classname="Date5FebTestng.parallel1"/>
  <system-out/>
</testsuite> <!-- Date5FebTestng.parallel1 -->
