<?xml version="1.0" encoding="UTF-8"?>
<!-- Generated by org.testng.reporters.JUnitReportReporter -->
<testsuite skipped="1" hostname="HP-Pavilion" name="Date3Feb.StopExecutionTc1" tests="3" failures="0" timestamp="2021-02-03T16:54:26 IST" time="0.052" errors="0">
  <testcase name="tc3" time="0.044" classname="Date3Feb.StopExecutionTc1"/>
  <system-out>
3Hey  </system-out>
  <testcase name="tc1" time="0.008" classname="Date3Feb.StopExecutionTc1"/>
  <system-out>
1Hey  </system-out>
  <testcase name="tc2" classname="Date3Feb.StopExecutionTc1">
    <skipped/>
  </testcase> <!-- tc2 -->
  <system-out/>
</testsuite> <!-- Date3Feb.StopExecutionTc1 -->
