<?xml version="1.0" encoding="UTF-8"?>
<!-- Generated by org.testng.reporters.JUnitReportReporter -->
<testsuite skipped="0" hostname="HP-Pavilion" name="Date3Feb.PrintStm" tests="1" failures="0" timestamp="2021-02-03T16:34:52 IST" time="0.054" errors="0">
  <testcase name="tc" time="0.054" classname="Date3Feb.PrintStm"/>
  <system-out>
hey...  </system-out>
</testsuite> <!-- Date3Feb.PrintStm -->
