<?xml version="1.0" encoding="UTF-8"?>
<!-- Generated by org.testng.reporters.JUnitReportReporter -->
<testsuite skipped="0" hostname="HP-Pavilion" name="Date3Feb.dependancy2" tests="7" failures="0" timestamp="2021-02-03T17:54:44 IST" time="0.072" errors="0">
  <testcase name="tc1" time="0.036" classname="Date3Feb.dependancy2"/>
  <system-out>
1Hey  </system-out>
  <testcase name="tc4" time="0.004" classname="Date3Feb.dependancy2"/>
  <system-out>
4Hey  </system-out>
  <testcase name="tc6" time="0.007" classname="Date3Feb.dependancy2"/>
  <system-out>
6Hey  </system-out>
  <testcase name="tc7" time="0.007" classname="Date3Feb.dependancy2"/>
  <system-out>
7Hey  </system-out>
  <testcase name="tc2" time="0.008" classname="Date3Feb.dependancy2"/>
  <system-out>
2Hey  </system-out>
  <testcase name="tc3" time="0.005" classname="Date3Feb.dependancy2"/>
  <system-out>
3Hey  </system-out>
  <testcase name="tc5" time="0.005" classname="Date3Feb.dependancy2"/>
  <system-out>
5Hey  </system-out>
</testsuite> <!-- Date3Feb.dependancy2 -->
