<?xml version="1.0" encoding="UTF-8"?>
<!-- Generated by org.testng.reporters.JUnitReportReporter -->
<testsuite skipped="0" hostname="HP-Pavilion" name="Date3Feb.MultipleTimeTestCase" tests="5" failures="0" timestamp="2021-02-03T16:37:50 IST" time="0.098" errors="0">
  <testcase name="tc" time="0.005" classname="Date3Feb.MultipleTimeTestCase"/>
  <system-out>
hey..  </system-out>
  <testcase name="tc" time="0.011" classname="Date3Feb.MultipleTimeTestCase"/>
  <system-out>
hey..  </system-out>
  <testcase name="tc" time="0.059" classname="Date3Feb.MultipleTimeTestCase"/>
  <system-out>
hey..  </system-out>
  <testcase name="tc" time="0.013" classname="Date3Feb.MultipleTimeTestCase"/>
  <system-out>
hey..  </system-out>
  <testcase name="tc" time="0.010" classname="Date3Feb.MultipleTimeTestCase"/>
  <system-out>
hey..  </system-out>
</testsuite> <!-- Date3Feb.MultipleTimeTestCase -->
